#
# There is insufficient memory for the Java Runtime Environment to continue.
# Native memory allocation (malloc) failed to allocate 1048576 bytes for AllocateHeap
# Possible reasons:
#   The system is out of physical RAM or swap space
#   The process is running with CompressedOops enabled, and the Java Heap may be blocking the growth of the native heap
# Possible solutions:
#   Reduce memory load on the system
#   Increase physical memory or swap space
#   Check if swap backing store is full
#   Decrease Java heap size (-Xmx/-Xms)
#   Decrease number of Java threads
#   Decrease Java thread stack sizes (-Xss)
#   Set larger code cache with -XX:ReservedCodeCacheSize=
# This output file may be truncated or incomplete.
#
#  Out of Memory Error (src/hotspot/share/memory/allocation.cpp:46), pid=24444, tid=12872
#
# JRE version:  (11.0.14.1+1) (build )
# Java VM: OpenJDK 64-Bit Server VM (11.0.14.1+1-b2043.25, mixed mode, sharing, tiered, compressed oops, g1 gc, windows-amd64)
# No core dump will be written. Minidumps are not enabled by default on client versions of Windows
#

---------------  S U M M A R Y ------------

Command Line: -Djava.rmi.server.hostname=127.0.0.1 -Duser.timezone=UTC -Xmx750m -Xms128m -Dfile.encoding=UTF-8 com.intellij.database.remote.RemoteJdbcServer oracle.jdbc.OracleDriver

Host: Intel(R) Core(TM) i5-9500 CPU @ 3.00GHz, 6 cores, 15G,  Windows 10 , 64 bit Build 19041 (10.0.19041.1889)
Time: Thu Sep  1 16:42:03 2022 中国标准时间 elapsed time: 0.015994 seconds (0d 0h 0m 0s)

---------------  T H R E A D  ---------------

Current thread (0x0000019a968a4800):  JavaThread "Unknown thread" [_thread_in_vm, id=12872, stack(0x0000001692c00000,0x0000001692d00000)]

Stack: [0x0000001692c00000,0x0000001692d00000]
Native frames: (J=compiled Java code, j=interpreted, Vv=VM code, C=native code)
V  [jvm.dll+0x61618a]
V  [jvm.dll+0x79c450]
V  [jvm.dll+0x79da6d]
V  [jvm.dll+0x79e143]
V  [jvm.dll+0x24c968]
V  [jvm.dll+0xb8914]
V  [jvm.dll+0x2edbb7]
V  [jvm.dll+0x2e6cda]
V  [jvm.dll+0x779087]
V  [jvm.dll+0x77a87c]
V  [jvm.dll+0x368d99]
V  [jvm.dll+0x75c9de]
V  [jvm.dll+0x3d6d53]
V  [jvm.dll+0x3d92f1]
C  [jli.dll+0x536b]
C  [ucrtbase.dll+0x21bb2]
C  [KERNEL32.DLL+0x17034]
C  [ntdll.dll+0x52651]


---------------  P R O C E S S  ---------------

Threads class SMR info:
_java_thread_list=0x0000019a946f4e30, length=0, elements={
}

Java Threads: ( => current thread )

Other Threads:
  0x0000019a968b7800 GCTaskThread "GC Thread#0" [stack: 0x0000001692d00000,0x0000001692e00000] [id=20024]

[error occurred during error reporting (printing all threads), id 0xc0000005, EXCEPTION_ACCESS_VIOLATION (0xc0000005) at pc=0x00007ffcb8582f10]

VM state:not at safepoint (not fully initialized)

VM Mutex/Monitor currently owned by a thread:  ([mutex/lock_event])
[0x0000019a968a0740] Heap_lock - owner thread: 0x0000019a968a4800

Heap address: 0x00000000d1200000, size: 750 MB, Compressed Oops mode: Non-zero based: 0x00000000d1200000
Narrow klass base: 0x0000000000000000, Narrow klass shift: 0

GC Heap History (0 events):
No events

Deoptimization events (0 events):
No events

Classes redefined (0 events):
No events

Internal exceptions (0 events):
No events

Events (1 events):
Event: 0.012 Loaded shared library D:\Program Files\JetBrains\PyCharm 2022.1\jbr\bin\zip.dll


Dynamic libraries:
0x00007ff6c7230000 - 0x00007ff6c723a000 	D:\Program Files\JetBrains\PyCharm 2022.1\jbr\bin\java.exe
0x00007ffced430000 - 0x00007ffced628000 	C:\Windows\SYSTEM32\ntdll.dll
0x00007ffcec520000 - 0x00007ffcec5dd000 	C:\Windows\System32\KERNEL32.DLL
0x00007ffceb090000 - 0x00007ffceb35e000 	C:\Windows\System32\KERNELBASE.dll
0x00007ffceabe0000 - 0x00007ffceace0000 	C:\Windows\System32\ucrtbase.dll
0x00007ffce4040000 - 0x00007ffce4056000 	D:\Program Files\JetBrains\PyCharm 2022.1\jbr\bin\VCRUNTIME140.dll
0x00007ffce4db0000 - 0x00007ffce4dc9000 	D:\Program Files\JetBrains\PyCharm 2022.1\jbr\bin\jli.dll
0x00007ffcecd20000 - 0x00007ffcecec0000 	C:\Windows\System32\USER32.dll
0x00007ffcead80000 - 0x00007ffceada2000 	C:\Windows\System32\win32u.dll
0x00007ffceced0000 - 0x00007ffcecefa000 	C:\Windows\System32\GDI32.dll
0x00007ffcd09f0000 - 0x00007ffcd0c8a000 	C:\Windows\WinSxS\amd64_microsoft.windows.common-controls_6595b64144ccf1df_6.0.19041.1110_none_60b5254171f9507e\COMCTL32.dll
0x00007ffceaf80000 - 0x00007ffceb08b000 	C:\Windows\System32\gdi32full.dll
0x00007ffcecab0000 - 0x00007ffcecb4e000 	C:\Windows\System32\msvcrt.dll
0x00007ffceace0000 - 0x00007ffcead7d000 	C:\Windows\System32\msvcp_win.dll
0x00007ffcebec0000 - 0x00007ffcebef0000 	C:\Windows\System32\IMM32.DLL
0x00007ffcaef10000 - 0x00007ffcaefba000 	D:\Program Files\JetBrains\PyCharm 2022.1\jbr\bin\msvcp140.dll
0x00007ffcb8290000 - 0x00007ffcb8e0a000 	D:\Program Files\JetBrains\PyCharm 2022.1\jbr\bin\server\jvm.dll
0x00007ffced340000 - 0x00007ffced3ee000 	C:\Windows\System32\ADVAPI32.dll
0x00007ffcebc50000 - 0x00007ffcebcec000 	C:\Windows\System32\sechost.dll
0x00007ffcebd90000 - 0x00007ffcebeb5000 	C:\Windows\System32\RPCRT4.dll
0x00007ffcecec0000 - 0x00007ffcecec8000 	C:\Windows\System32\PSAPI.DLL
0x00007ffcd5590000 - 0x00007ffcd55b7000 	C:\Windows\SYSTEM32\WINMM.dll
0x00007ffcd7180000 - 0x00007ffcd7189000 	C:\Windows\SYSTEM32\WSOCK32.dll
0x00007ffcec770000 - 0x00007ffcec7db000 	C:\Windows\System32\WS2_32.dll
0x00007ffce4dd0000 - 0x00007ffce4dda000 	C:\Windows\SYSTEM32\VERSION.dll
0x00007ffce8a30000 - 0x00007ffce8a42000 	C:\Windows\SYSTEM32\kernel.appcore.dll
0x00007ffcd0440000 - 0x00007ffcd0451000 	D:\Program Files\JetBrains\PyCharm 2022.1\jbr\bin\verify.dll
0x00007ffcd98a0000 - 0x00007ffcd9a84000 	C:\Windows\SYSTEM32\DBGHELP.DLL
0x00007ffcd7f20000 - 0x00007ffcd7f4c000 	C:\Windows\SYSTEM32\dbgcore.DLL
0x00007ffceab50000 - 0x00007ffceabd2000 	C:\Windows\System32\bcryptPrimitives.dll
0x00007ffcd0350000 - 0x00007ffcd0379000 	D:\Program Files\JetBrains\PyCharm 2022.1\jbr\bin\java.dll
0x00007ffcd03b0000 - 0x00007ffcd03bb000 	D:\Program Files\JetBrains\PyCharm 2022.1\jbr\bin\jimage.dll
0x00007ffccc930000 - 0x00007ffccc949000 	D:\Program Files\JetBrains\PyCharm 2022.1\jbr\bin\zip.dll

dbghelp: loaded successfully - version: 4.0.5 - missing functions: none
symbol engine: initialized successfully - sym options: 0x614 - pdb path: .;D:\Program Files\JetBrains\PyCharm 2022.1\jbr\bin;C:\Windows\SYSTEM32;C:\Windows\WinSxS\amd64_microsoft.windows.common-controls_6595b64144ccf1df_6.0.19041.1110_none_60b5254171f9507e;D:\Program Files\JetBrains\PyCharm 2022.1\jbr\bin\server

VM Arguments:
jvm_args: -Djava.rmi.server.hostname=127.0.0.1 -Duser.timezone=UTC -Xmx750m -Xms128m -Dfile.encoding=UTF-8 
java_command: com.intellij.database.remote.RemoteJdbcServer oracle.jdbc.OracleDriver
java_class_path (initial): D:\Program Files\JetBrains\PyCharm 2022.1\lib\util_rt.jar;D:\Program Files\JetBrains\PyCharm 2022.1\lib\util.jar;D:\Program Files\JetBrains\PyCharm 2022.1\lib\groovy.jar;D:\Program Files\JetBrains\PyCharm 2022.1\plugins\DatabaseTools\lib\jdbc-console.jar;C:\Users\wuyiping\AppData\Roaming\JetBrains\PyCharm2022.1\jdbc-drivers\Oracle\21.5.0.0\com\oracle\database\jdbc\ojdbc11\21.5.0.0\ojdbc11-21.5.0.0.jar;C:\Users\wuyiping\AppData\Roaming\JetBrains\PyCharm2022.1\jdbc-drivers\Oracle\21.5.0.0\com\oracle\database\jdbc\ucp\21.5.0.0\ucp-21.5.0.0.jar;C:\Users\wuyiping\AppData\Roaming\JetBrains\PyCharm2022.1\jdbc-drivers\Oracle\21.5.0.0\com\oracle\database\jdbc\rsi\21.5.0.0\rsi-21.5.0.0.jar;C:\Users\wuyiping\AppData\Roaming\JetBrains\PyCharm2022.1\jdbc-drivers\Oracle\21.5.0.0\com\oracle\database\security\osdt_core\21.5.0.0\osdt_core-21.5.0.0.jar;C:\Users\wuyiping\AppData\Roaming\JetBrains\PyCharm2022.1\jdbc-drivers\Oracle\21.5.0.0\com\oracle\database\security\osdt_cert\21.5.0.0\osdt_cert-21.5.0.0.jar;C:\Users\wuyiping\AppData\Roaming\JetBrains\PyCharm2022.1\jdbc-drivers\Oracle\21.5.0.0\com\oracle\database\security\oraclepki\21.5.0.0\oraclepki-21.5.0.0.jar;C:\Users\wuyiping\AppData\Roaming\JetBrains\PyCharm2022.1\jdbc-drivers\Oracle\21.5.0.0\com\oracle\database\xml\xmlparserv2\21.5.0.0\xmlparserv2-21.5.0.0.jar;C:\Users\wuyiping\AppData\Roaming\JetBrains\PyCharm2022.1\jdbc-drivers\Oracle\21.5.0.0\com\oracle\database\xml\xdb\21.5.0.0\xdb-21.5.0.0.jar;C:\Users\wuyiping\AppData\Roaming\JetBrains\PyCharm2022.1\jdbc-drivers\Oracle\21.5.0.0\com\oracle\database\nls\orai18n\21.5.0.0\orai18n-21.5.0.0.jar
Launcher Type: SUN_STANDARD

[Global flags]
     intx CICompilerCount                          = 3                                         {product} {ergonomic}
     uint ConcGCThreads                            = 2                                         {product} {ergonomic}
     uint G1ConcRefinementThreads                  = 6                                         {product} {ergonomic}
   size_t G1HeapRegionSize                         = 1048576                                   {product} {ergonomic}
    uintx GCDrainStackTargetSize                   = 64                                        {product} {ergonomic}
   size_t InitialHeapSize                          = 134217728                                 {product} {command line}
   size_t MarkStackSize                            = 4194304                                   {product} {ergonomic}
   size_t MaxHeapSize                              = 786432000                                 {product} {command line}
   size_t MinHeapDeltaBytes                        = 1048576                                   {product} {ergonomic}
    uintx NonNMethodCodeHeapSize                   = 5830732                                {pd product} {ergonomic}
    uintx NonProfiledCodeHeapSize                  = 122913754                              {pd product} {ergonomic}
    uintx ProfiledCodeHeapSize                     = 122913754                              {pd product} {ergonomic}
    uintx ReservedCodeCacheSize                    = 251658240                              {pd product} {ergonomic}
     bool SegmentedCodeCache                       = true                                      {product} {ergonomic}
     bool UseCompressedClassPointers               = true                                 {lp64_product} {ergonomic}
     bool UseCompressedOops                        = true                                 {lp64_product} {ergonomic}
     bool UseG1GC                                  = true                                      {product} {ergonomic}
     bool UseLargePagesIndividualAllocation        = false                                  {pd product} {ergonomic}

Logging:
Log output configuration:
 #0: stdout all=warning uptime,level,tags
 #1: stderr all=off uptime,level,tags

Environment Variables:
JAVA_HOME=D:\servers\jdk1.8.0_292
PATH=D:\servers\Amazon Corretto\jdk1.8.0_292\bin;C:\Program Files\Common Files\Oracle\Java\javapath;D:\servers\oracle\app\oracle\product\11.2.0\server\bin;C:\ProgramData\Oracle\Java\javapath;C:\Windows\system32;C:\Windows;C:\Windows\System32\Wbem;C:\Windows\System32\WindowsPowerShell\v1.0\;C:\Windows\System32\OpenSSH\;D:\servers\Snipaste-2.5.2-Beta-x64;D:\servers\jdk1.8.0_292\bin;D:\servers\maven\bin;D:\servers\scala\bin;D:\servers\Tesseract-OCR;C:\Program Files\Microsoft SQL Server\130\Tools\Binn\;D:\servers\anaconda3\Scripts;E:\poppler-0.89.0-win32;D:\servers\nodejs\;D:\servers\nodejs\node_global\;D:\servers\nodejs\node_cache\;D:\Program Files (x86)\Microsoft Visual Studio 14.0\VC\BIN\x86_amd64;D:\servers\Microsoft Visual Studio\2019\Community\SDK\ScopeCppSDK\vc15\SDK\bin;D:\servers\XiYou32_2.9.5.0\XiYou.exe;D:\servers\Graphviz\bin;D:\servers\Git\cmd;C:\Program Files (x86)\NetSarang\Xshell 7\;C:\Program Files (x86)\NetSarang\Xftp 7\;D:\servers\xmanager\;D:\servers\nodejs\;C:\ProgramData\chocolatey\bin;D:\servers\maven\maven\bin;D:\servers\vue_version\vue2\node_modules\.bin;D:\servers\vue_version\vue3\node_modules\.bin;D:\servers\tagui\src;D:\servers\Anaconda3;D:\servers\Anaconda3\Library\mingw-w64\bin;D:\servers\Anaconda3\Library\usr\bin;D:\servers\Anaconda3\Library\bin;D:\servers\Anaconda3\Scripts;C:\Users\wuyiping\AppData\Local\Microsoft\WindowsApps;D:\servers\IntelliJ IDEA 2022.1.2\bin;;D:\Program Files\JetBrains\PyCharm 2022.1\bin;;D:\servers\chromedriver_win32\chromedriver;D:\servers\mysql-8.0.27-winx64\bin;D:\servers\pycharm\PyCharm Community Edition 2021.3.1\bin;;D:\360安全浏览器下载\chromedriver_win32;C:\Users\wuyiping\AppData\Local\GitHubDesktop\bin;D:\servers\Microsoft VS Code\bin;C:\Users\wuyiping\AppData\Roaming\npm;D:\servers\JetBrains\WebStorm 2022.1.3\bin;
USERNAME=wuyiping
OS=Windows_NT
PROCESSOR_IDENTIFIER=Intel64 Family 6 Model 158 Stepping 10, GenuineIntel



---------------  S Y S T E M  ---------------

OS: Windows 10 , 64 bit Build 19041 (10.0.19041.1889)
OS uptime: 0 days 7:16 hours
Hyper-V role detected

CPU:total 6 (initial active 6) (6 cores per cpu, 1 threads per core) family 6 model 158 stepping 10 microcode 0xd6, cmov, cx8, fxsr, mmx, sse, sse2, sse3, ssse3, sse4.1, sse4.2, popcnt, avx, avx2, aes, clmul, erms, rtm, 3dnowpref, lzcnt, tsc, tscinvbit, bmi1, bmi2, adx, fma

Memory: 4k page, system-wide physical 16193M (4223M free)
TotalPageFile size 35393M (AvailPageFile size 5M)
current process WorkingSet (physical memory assigned to process): 9M, peak: 9M
current process commit charge ("private bytes"): 53M, peak: 54M

vm_info: OpenJDK 64-Bit Server VM (11.0.14.1+1-b2043.25) for windows-amd64 JRE (11.0.14.1+1-b2043.25), built on Mar 30 2022 06:22:56 by "" with MS VC++ 14.0 (VS2015)

END.
